<?xml version="1.0" encoding="UTF-8"?>
<!-- Generated by org.testng.reporters.JUnitReportReporter -->
<testsuite hostname="LAPTOP-LIHBLMM7" failures="0" tests="6" name="org.blazedemo.BlazeDemo" time="20.585" errors="0" timestamp="2025-03-24T08:09:03 IST" skipped="0">
  <testcase classname="org.blazedemo.BlazeDemo" name="launchApplication" time="1.891"/>
  <system-out/>
  <testcase classname="org.blazedemo.BlazeDemo" name="selectPhoneAndAddToCart" time="3.520"/>
  <system-out/>
  <testcase classname="org.blazedemo.BlazeDemo" name="selectLaptopAndAddToCart" time="2.748"/>
  <system-out/>
  <testcase classname="org.blazedemo.BlazeDemo" name="selectMonitorAndAddToCart" time="4.160"/>
  <system-out/>
  <testcase classname="org.blazedemo.BlazeDemo" name="removePhoneAndPlaceOrder" time="8.131"/>
  <system-out/>
  <testcase classname="org.blazedemo.BlazeDemo" name="verifySuccesfullMessage" time="0.135"/>
  <system-out/>
</testsuite> <!-- org.blazedemo.BlazeDemo -->
