<?xml version="1.0" encoding="UTF-8"?>
<!-- Generated by org.testng.reporters.JUnitReportReporter -->
<testsuite hostname="LAPTOP-LIHBLMM7" failures="0" tests="6" name="org.blazedemo.BlazeDemo" time="21.529" errors="0" timestamp="2025-03-24T13:19:21 IST" skipped="0">
  <testcase classname="org.blazedemo.BlazeDemo" name="launchApplication" time="2.076"/>
  <system-out/>
  <testcase classname="org.blazedemo.BlazeDemo" name="selectPhoneAndAddToCart" time="3.817"/>
  <system-out/>
  <testcase classname="org.blazedemo.BlazeDemo" name="selectLaptopAndAddToCart" time="2.676"/>
  <system-out/>
  <testcase classname="org.blazedemo.BlazeDemo" name="selectMonitorAndAddToCart" time="3.702"/>
  <system-out/>
  <testcase classname="org.blazedemo.BlazeDemo" name="removePhoneAndPlaceOrder" time="8.067"/>
  <system-out/>
  <testcase classname="org.blazedemo.BlazeDemo" name="verifySuccesfullMessage" time="1.191"/>
  <system-out/>
</testsuite> <!-- org.blazedemo.BlazeDemo -->
