<?xml version="1.0" encoding="UTF-8"?>
<!-- Generated by org.testng.reporters.JUnitReportReporter -->
<testsuite hostname="LAPTOP-LIHBLMM7" failures="0" tests="6" name="org.blazedemo.BlazeDemo" time="33.664" errors="0" timestamp="2025-03-24T10:20:30 IST" skipped="0">
  <testcase classname="org.blazedemo.BlazeDemo" name="launchApplication" time="4.135"/>
  <system-out/>
  <testcase classname="org.blazedemo.BlazeDemo" name="selectPhoneAndAddToCart" time="3.463"/>
  <system-out/>
  <testcase classname="org.blazedemo.BlazeDemo" name="selectLaptopAndAddToCart" time="3.161"/>
  <system-out/>
  <testcase classname="org.blazedemo.BlazeDemo" name="selectMonitorAndAddToCart" time="14.101"/>
  <system-out/>
  <testcase classname="org.blazedemo.BlazeDemo" name="removePhoneAndPlaceOrder" time="8.656"/>
  <system-out/>
  <testcase classname="org.blazedemo.BlazeDemo" name="verifySuccesfullMessage" time="0.148"/>
  <system-out/>
</testsuite> <!-- org.blazedemo.BlazeDemo -->
